# JRE version: OpenJDK Runtime Environment (21.0.7) (build 21.0.7+-13880790-b1038.58)
# Java VM: OpenJDK 64-Bit Server VM (21.0.7+-13880790-b1038.58, mixed mode, tiered, compressed oops, compressed class ptrs, g1 gc, windows-amd64)
GC Precious Log:
 CardTable entry size: 512
 Card Set container configuration: InlinePtr #cards 5 size 8 Array Of Cards #cards 12 size 40 Howl #buckets 4 coarsen threshold 1843 Howl Bitmap #cards 512 size 80 coarsen threshold 460 Card regions per heap region 1 cards per card region 2048
 CPUs: 12 total, 12 available
 Memory: 8013M
 Large Page Support: Disabled
 NUMA Support: Disabled
 Compressed Oops: Enabled (32-bit)
 Heap Region Size: 1M
 Heap Min Capacity: 8M
 Heap Initial Capacity: 126M
 Heap Max Capacity: 2G
 Pre-touch: Disabled
 Parallel Workers: 10
 Concurrent Workers: 3
 Concurrent Refinement Workers: 10
 Periodic GC: Disabled
Heap:
 garbage-first heap   total 144384K, used 87897K [0x0000000080000000, 0x0000000100000000)
  region size 1024K, 17 young (17408K), 4 survivors (4096K)
 Metaspace       used 59404K, committed 60928K, reserved 1114112K
  class space    used 8322K, committed 9088K, reserved 1048576K
GC Heap History (20 events):
Event: 12.837 GC heap before
{Heap before GC invocations=5 (full 0):
 garbage-first heap   total 71680K, used 54014K [0x0000000080000000, 0x0000000100000000)
  region size 1024K, 42 young (43008K), 9 survivors (9216K)
 Metaspace       used 27184K, committed 27584K, reserved 1114112K
  class space    used 3386K, committed 3584K, reserved 1048576K
}
Event: 12.867 GC heap after
{Heap after GC invocations=6 (full 0):
 garbage-first heap   total 71680K, used 22173K [0x0000000080000000, 0x0000000100000000)
  region size 1024K, 3 young (3072K), 3 survivors (3072K)
 Metaspace       used 27184K, committed 27584K, reserved 1114112K
  class space    used 3386K, committed 3584K, reserved 1048576K
}
Event: 15.251 GC heap before
{Heap before GC invocations=6 (full 0):
 garbage-first heap   total 71680K, used 55965K [0x0000000080000000, 0x0000000100000000)
  region size 1024K, 36 young (36864K), 3 survivors (3072K)
 Metaspace       used 31538K, committed 32064K, reserved 1114112K
  class space    used 4149K, committed 4416K, reserved 1048576K
}
Event: 15.269 GC heap after
{Heap after GC invocations=7 (full 0):
 garbage-first heap   total 86016K, used 24319K [0x0000000080000000, 0x0000000100000000)
  region size 1024K, 5 young (5120K), 5 survivors (5120K)
 Metaspace       used 31538K, committed 32064K, reserved 1114112K
  class space    used 4149K, committed 4416K, reserved 1048576K
}
Event: 17.201 GC heap before
{Heap before GC invocations=7 (full 0):
 garbage-first heap   total 86016K, used 49919K [0x0000000080000000, 0x0000000100000000)
  region size 1024K, 31 young (31744K), 5 survivors (5120K)
 Metaspace       used 35165K, committed 35968K, reserved 1114112K
  class space    used 4796K, committed 5184K, reserved 1048576K
}
Event: 17.232 GC heap after
{Heap after GC invocations=8 (full 0):
 garbage-first heap   total 86016K, used 26266K [0x0000000080000000, 0x0000000100000000)
  region size 1024K, 5 young (5120K), 5 survivors (5120K)
 Metaspace       used 35165K, committed 35968K, reserved 1114112K
  class space    used 4796K, committed 5184K, reserved 1048576K
}
Event: 20.891 GC heap before
{Heap before GC invocations=9 (full 0):
 garbage-first heap   total 86016K, used 83610K [0x0000000080000000, 0x0000000100000000)
  region size 1024K, 34 young (34816K), 5 survivors (5120K)
 Metaspace       used 38093K, committed 38976K, reserved 1114112K
  class space    used 5242K, committed 5632K, reserved 1048576K
}
Event: 20.913 GC heap after
{Heap after GC invocations=10 (full 0):
 garbage-first heap   total 97280K, used 61957K [0x0000000080000000, 0x0000000100000000)
  region size 1024K, 7 young (7168K), 7 survivors (7168K)
 Metaspace       used 38093K, committed 38976K, reserved 1114112K
  class space    used 5242K, committed 5632K, reserved 1048576K
}
Event: 22.746 GC heap before
{Heap before GC invocations=10 (full 0):
 garbage-first heap   total 97280K, used 83461K [0x0000000080000000, 0x0000000100000000)
  region size 1024K, 28 young (28672K), 7 survivors (7168K)
 Metaspace       used 41311K, committed 42240K, reserved 1114112K
  class space    used 5761K, committed 6208K, reserved 1048576K
}
Event: 22.755 GC heap after
{Heap after GC invocations=11 (full 0):
 garbage-first heap   total 97280K, used 63087K [0x0000000080000000, 0x0000000100000000)
  region size 1024K, 2 young (2048K), 2 survivors (2048K)
 Metaspace       used 41311K, committed 42240K, reserved 1114112K
  class space    used 5761K, committed 6208K, reserved 1048576K
}
Event: 24.424 GC heap before
{Heap before GC invocations=11 (full 0):
 garbage-first heap   total 97280K, used 85615K [0x0000000080000000, 0x0000000100000000)
  region size 1024K, 25 young (25600K), 2 survivors (2048K)
 Metaspace       used 46157K, committed 47168K, reserved 1114112K
  class space    used 6227K, committed 6720K, reserved 1048576K
}
Event: 24.438 GC heap after
{Heap after GC invocations=12 (full 0):
 garbage-first heap   total 97280K, used 66131K [0x0000000080000000, 0x0000000100000000)
  region size 1024K, 4 young (4096K), 4 survivors (4096K)
 Metaspace       used 46157K, committed 47168K, reserved 1114112K
  class space    used 6227K, committed 6720K, reserved 1048576K
}
Event: 25.080 GC heap before
{Heap before GC invocations=13 (full 0):
 garbage-first heap   total 111616K, used 86611K [0x0000000080000000, 0x0000000100000000)
  region size 1024K, 24 young (24576K), 4 survivors (4096K)
 Metaspace       used 46614K, committed 47616K, reserved 1114112K
  class space    used 6304K, committed 6784K, reserved 1048576K
}
Event: 25.096 GC heap after
{Heap after GC invocations=14 (full 0):
 garbage-first heap   total 111616K, used 67589K [0x0000000080000000, 0x0000000100000000)
  region size 1024K, 2 young (2048K), 2 survivors (2048K)
 Metaspace       used 46614K, committed 47616K, reserved 1114112K
  class space    used 6304K, committed 6784K, reserved 1048576K
}
Event: 27.071 GC heap before
{Heap before GC invocations=14 (full 0):
 garbage-first heap   total 111616K, used 102405K [0x0000000080000000, 0x0000000100000000)
  region size 1024K, 32 young (32768K), 2 survivors (2048K)
 Metaspace       used 50755K, committed 51904K, reserved 1114112K
  class space    used 6821K, committed 7360K, reserved 1048576K
}
Event: 27.083 GC heap after
{Heap after GC invocations=15 (full 0):
 garbage-first heap   total 111616K, used 69474K [0x0000000080000000, 0x0000000100000000)
  region size 1024K, 4 young (4096K), 4 survivors (4096K)
 Metaspace       used 50755K, committed 51904K, reserved 1114112K
  class space    used 6821K, committed 7360K, reserved 1048576K
}
Event: 28.773 GC heap before
{Heap before GC invocations=15 (full 0):
 garbage-first heap   total 111616K, used 100194K [0x0000000080000000, 0x0000000100000000)
  region size 1024K, 34 young (34816K), 4 survivors (4096K)
 Metaspace       used 54379K, committed 55808K, reserved 1114112K
  class space    used 7434K, committed 8128K, reserved 1048576K
}
Event: 28.779 GC heap after
{Heap after GC invocations=16 (full 0):
 garbage-first heap   total 111616K, used 71216K [0x0000000080000000, 0x0000000100000000)
  region size 1024K, 4 young (4096K), 4 survivors (4096K)
 Metaspace       used 54379K, committed 55808K, reserved 1114112K
  class space    used 7434K, committed 8128K, reserved 1048576K
}
Event: 31.967 GC heap before
{Heap before GC invocations=17 (full 0):
 garbage-first heap   total 119808K, used 100912K [0x0000000080000000, 0x0000000100000000)
  region size 1024K, 32 young (32768K), 4 survivors (4096K)
 Metaspace       used 57353K, committed 58880K, reserved 1114112K
  class space    used 7948K, committed 8704K, reserved 1048576K
}
Event: 31.972 GC heap after
{Heap after GC invocations=18 (full 0):
 garbage-first heap   total 144384K, used 75609K [0x0000000080000000, 0x0000000100000000)
  region size 1024K, 4 young (4096K), 4 survivors (4096K)
 Metaspace       used 57353K, committed 58880K, reserved 1114112K
  class space    used 7948K, committed 8704K, reserved 1048576K
}

