# JRE version: OpenJDK Runtime Environment (21.0.7) (build 21.0.7+-13880790-b1038.58)
# Java VM: OpenJDK 64-Bit Server VM (21.0.7+-13880790-b1038.58, mixed mode, tiered, compressed oops, compressed class ptrs, g1 gc, windows-amd64)
GC Precious Log:
 CardTable entry size: 512
 Card Set container configuration: InlinePtr #cards 5 size 8 Array Of Cards #cards 12 size 40 Howl #buckets 4 coarsen threshold 1843 Howl Bitmap #cards 512 size 80 coarsen threshold 460 Card regions per heap region 1 cards per card region 2048
 CPUs: 12 total, 12 available
 Memory: 8013M
 Large Page Support: Disabled
 NUMA Support: Disabled
 Compressed Oops: Enabled (32-bit)
 Heap Region Size: 1M
 Heap Min Capacity: 8M
 Heap Initial Capacity: 126M
 Heap Max Capacity: 2G
 Pre-touch: Disabled
 Parallel Workers: 10
 Concurrent Workers: 3
 Concurrent Refinement Workers: 10
 Periodic GC: Disabled
Heap:
 garbage-first heap   total 79872K, used 61170K [0x0000000080000000, 0x0000000100000000)
  region size 1024K, 2 young (2048K), 2 survivors (2048K)
 Metaspace       used 37600K, committed 38464K, reserved 1114112K
  class space    used 5161K, committed 5568K, reserved 1048576K
GC Heap History (17 events):
Event: 3.270 GC heap before
{Heap before GC invocations=0 (full 0):
 garbage-first heap   total 129024K, used 22528K [0x0000000080000000, 0x0000000100000000)
  region size 1024K, 23 young (23552K), 0 survivors (0K)
 Metaspace       used 8079K, committed 8192K, reserved 1114112K
  class space    used 728K, committed 768K, reserved 1048576K
}
Event: 3.283 GC heap after
{Heap after GC invocations=1 (full 0):
 garbage-first heap   total 129024K, used 2367K [0x0000000080000000, 0x0000000100000000)
  region size 1024K, 3 young (3072K), 3 survivors (3072K)
 Metaspace       used 8079K, committed 8192K, reserved 1114112K
  class space    used 728K, committed 768K, reserved 1048576K
}
Event: 6.418 GC heap before
{Heap before GC invocations=1 (full 0):
 garbage-first heap   total 129024K, used 39231K [0x0000000080000000, 0x0000000100000000)
  region size 1024K, 37 young (37888K), 3 survivors (3072K)
 Metaspace       used 12322K, committed 12544K, reserved 1114112K
  class space    used 1315K, committed 1408K, reserved 1048576K
}
Event: 6.442 GC heap after
{Heap after GC invocations=2 (full 0):
 garbage-first heap   total 129024K, used 10627K [0x0000000080000000, 0x0000000100000000)
  region size 1024K, 5 young (5120K), 5 survivors (5120K)
 Metaspace       used 12322K, committed 12544K, reserved 1114112K
  class space    used 1315K, committed 1408K, reserved 1048576K
}
Event: 8.581 GC heap before
{Heap before GC invocations=2 (full 0):
 garbage-first heap   total 129024K, used 56707K [0x0000000080000000, 0x0000000100000000)
  region size 1024K, 48 young (49152K), 5 survivors (5120K)
 Metaspace       used 12748K, committed 12928K, reserved 1114112K
  class space    used 1386K, committed 1472K, reserved 1048576K
}
Event: 8.608 GC heap after
{Heap after GC invocations=3 (full 0):
 garbage-first heap   total 129024K, used 16850K [0x0000000080000000, 0x0000000100000000)
  region size 1024K, 5 young (5120K), 5 survivors (5120K)
 Metaspace       used 12748K, committed 12928K, reserved 1114112K
  class space    used 1386K, committed 1472K, reserved 1048576K
}
Event: 11.403 GC heap before
{Heap before GC invocations=3 (full 0):
 garbage-first heap   total 129024K, used 43474K [0x0000000080000000, 0x0000000100000000)
  region size 1024K, 32 young (32768K), 5 survivors (5120K)
 Metaspace       used 21201K, committed 21504K, reserved 1114112K
  class space    used 2460K, committed 2624K, reserved 1048576K
}
Event: 11.416 GC heap after
{Heap after GC invocations=4 (full 0):
 garbage-first heap   total 129024K, used 20292K [0x0000000080000000, 0x0000000100000000)
  region size 1024K, 8 young (8192K), 8 survivors (8192K)
 Metaspace       used 21201K, committed 21504K, reserved 1114112K
  class space    used 2460K, committed 2624K, reserved 1048576K
}
Event: 13.727 GC heap before
{Heap before GC invocations=5 (full 0):
 garbage-first heap   total 68608K, used 53060K [0x0000000080000000, 0x0000000100000000)
  region size 1024K, 40 young (40960K), 8 survivors (8192K)
 Metaspace       used 27060K, committed 27520K, reserved 1114112K
  class space    used 3358K, committed 3584K, reserved 1048576K
}
Event: 13.734 GC heap after
{Heap after GC invocations=6 (full 0):
 garbage-first heap   total 68608K, used 22054K [0x0000000080000000, 0x0000000100000000)
  region size 1024K, 3 young (3072K), 3 survivors (3072K)
 Metaspace       used 27060K, committed 27520K, reserved 1114112K
  class space    used 3358K, committed 3584K, reserved 1048576K
}
Event: 15.445 GC heap before
{Heap before GC invocations=6 (full 0):
 garbage-first heap   total 68608K, used 53798K [0x0000000080000000, 0x0000000100000000)
  region size 1024K, 34 young (34816K), 3 survivors (3072K)
 Metaspace       used 31197K, committed 31744K, reserved 1114112K
  class space    used 4101K, committed 4352K, reserved 1048576K
}
Event: 15.457 GC heap after
{Heap after GC invocations=7 (full 0):
 garbage-first heap   total 68608K, used 24155K [0x0000000080000000, 0x0000000100000000)
  region size 1024K, 4 young (4096K), 4 survivors (4096K)
 Metaspace       used 31197K, committed 31744K, reserved 1114112K
  class space    used 4101K, committed 4352K, reserved 1048576K
}
Event: 17.152 GC heap before
{Heap before GC invocations=7 (full 0):
 garbage-first heap   total 68608K, used 51803K [0x0000000080000000, 0x0000000100000000)
  region size 1024K, 32 young (32768K), 4 survivors (4096K)
 Metaspace       used 35145K, committed 35968K, reserved 1114112K
  class space    used 4790K, committed 5184K, reserved 1048576K
}
Event: 17.158 GC heap after
{Heap after GC invocations=8 (full 0):
 garbage-first heap   total 68608K, used 26151K [0x0000000080000000, 0x0000000100000000)
  region size 1024K, 5 young (5120K), 5 survivors (5120K)
 Metaspace       used 35145K, committed 35968K, reserved 1114112K
  class space    used 4790K, committed 5184K, reserved 1048576K
}
Event: 18.304 GC heap before
{Heap before GC invocations=9 (full 0):
 garbage-first heap   total 70656K, used 68135K [0x0000000080000000, 0x0000000100000000)
  region size 1024K, 20 young (20480K), 5 survivors (5120K)
 Metaspace       used 36230K, committed 37056K, reserved 1114112K
  class space    used 4984K, committed 5376K, reserved 1048576K
}
Event: 18.338 GC heap after
{Heap after GC invocations=10 (full 0):
 garbage-first heap   total 79872K, used 58989K [0x0000000080000000, 0x0000000100000000)
  region size 1024K, 5 young (5120K), 5 survivors (5120K)
 Metaspace       used 36230K, committed 37056K, reserved 1114112K
  class space    used 4984K, committed 5376K, reserved 1048576K
}
Event: 19.304 GC heap before
{Heap before GC invocations=10 (full 0):
 garbage-first heap   total 79872K, used 70253K [0x0000000080000000, 0x0000000100000000)
  region size 1024K, 15 young (15360K), 5 survivors (5120K)
 Metaspace       used 37600K, committed 38464K, reserved 1114112K
  class space    used 5161K, committed 5568K, reserved 1048576K
}

